<?xml version="1.0" encoding="UTF-8"?>
<testng-results ignored="0" total="1" passed="1" failed="0" skipped="0">
  <reporter-output>
  </reporter-output>
  <suite started-at="2025-02-18T13:18:26 IST" name="Master Suite" finished-at="2025-02-18T13:18:30 IST" duration-ms="4514">
    <groups>
      <group name="Master">
        <method signature="TC002_LoginTest.verifyLoginOrNot()[pri:0, instance:com.TestCase.TC002_LoginTest@7cc586a8]" name="verifyLoginOrNot" class="com.TestCase.TC002_LoginTest"/>
      </group> <!-- Master -->
      <group name="Sanity">
        <method signature="TC002_LoginTest.verifyLoginOrNot()[pri:0, instance:com.TestCase.TC002_LoginTest@7cc586a8]" name="verifyLoginOrNot" class="com.TestCase.TC002_LoginTest"/>
      </group> <!-- Sanity -->
    </groups>
    <test started-at="2025-02-18T13:18:26 IST" name="Test" finished-at="2025-02-18T13:18:30 IST" duration-ms="4514">
      <class name="com.TestCase.TC002_LoginTest">
        <test-method is-config="true" signature="setUp(java.lang.String,java.lang.String)[pri:0, instance:com.TestCase.TC002_LoginTest@7cc586a8]" started-at="2025-02-18T13:18:26 IST" name="setUp" finished-at="2025-02-18T13:18:29 IST" duration-ms="2980" status="PASS">
          <params>
            <param index="0">
              <value>
                <![CDATA[Window]]>
              </value>
            </param>
            <param index="1">
              <value>
                <![CDATA[chrome]]>
              </value>
            </param>
          </params>
          <reporter-output>
          </reporter-output>
        </test-method> <!-- setUp -->
        <test-method signature="verifyLoginOrNot()[pri:0, instance:com.TestCase.TC002_LoginTest@7cc586a8]" started-at="2025-02-18T13:18:29 IST" name="verifyLoginOrNot" finished-at="2025-02-18T13:18:30 IST" duration-ms="1330" status="PASS">
          <reporter-output>
          </reporter-output>
        </test-method> <!-- verifyLoginOrNot -->
      </class> <!-- com.TestCase.TC002_LoginTest -->
    </test> <!-- Test -->
  </suite> <!-- Master Suite -->
</testng-results>
